# JRE version: Java(TM) SE Runtime Environment (8.0-b132) (build 1.8.0-b132)
# Java VM: Java HotSpot(TM) 64-Bit Server VM (25.0-b70 mixed mode linux-amd64 compressed oops)
Heap:
 PSYoungGen      total 14336K, used 11003K [0x00000000d6b00000, 0x00000000d8d00000, 0x0000000100000000)
  eden space 13824K, 78% used [0x00000000d6b00000,0x00000000d75a6fd0,0x00000000d7880000)
  from space 512K, 18% used [0x00000000d8c80000,0x00000000d8c98000,0x00000000d8d00000)
  to   space 512K, 0% used [0x00000000d8c00000,0x00000000d8c00000,0x00000000d8c80000)
 ParOldGen       total 111104K, used 94980K [0x0000000084000000, 0x000000008ac80000, 0x00000000d6b00000)
  object space 111104K, 85% used [0x0000000084000000,0x0000000089cc1220,0x000000008ac80000)
 Metaspace       used 28290K, capacity 28612K, committed 28800K, reserved 1075200K
  class space    used 3539K, capacity 3625K, committed 3712K, reserved 1048576K
GC Heap History (10 events):
Event: 306251.270 GC heap before
{Heap before GC invocations=175 (full 5):
 PSYoungGen      total 17408K, used 16544K [0x00000000d6b00000, 0x00000000d8d80000, 0x0000000100000000)
  eden space 16384K, 100% used [0x00000000d6b00000,0x00000000d7b00000,0x00000000d7b00000)
  from space 1024K, 15% used [0x00000000d8b80000,0x00000000d8ba8000,0x00000000d8c80000)
  to   space 1024K, 0% used [0x00000000d8c80000,0x00000000d8c80000,0x00000000d8d80000)
 ParOldGen       total 111104K, used 94860K [0x0000000084000000, 0x000000008ac80000, 0x00000000d6b00000)
  object space 111104K, 85% used [0x0000000084000000,0x0000000089ca3220,0x000000008ac80000)
 Metaspace       used 28290K, capacity 28612K, committed 28800K, reserved 1075200K
  class space    used 3539K, capacity 3625K, committed 3712K, reserved 1048576K
Event: 306251.292 GC heap after
Heap after GC invocations=175 (full 5):
 PSYoungGen      total 16384K, used 128K [0x00000000d6b00000, 0x00000000d8d00000, 0x0000000100000000)
  eden space 15872K, 0% used [0x00000000d6b00000,0x00000000d6b00000,0x00000000d7a80000)
  from space 512K, 25% used [0x00000000d8c80000,0x00000000d8ca0000,0x00000000d8d00000)
  to   space 1024K, 0% used [0x00000000d8b00000,0x00000000d8b00000,0x00000000d8c00000)
 ParOldGen       total 111104K, used 94860K [0x0000000084000000, 0x000000008ac80000, 0x00000000d6b00000)
  object space 111104K, 85% used [0x0000000084000000,0x0000000089ca3220,0x000000008ac80000)
 Metaspace       used 28290K, capacity 28612K, committed 28800K, reserved 1075200K
  class space    used 3539K, capacity 3625K, committed 3712K, reserved 1048576K
}
Event: 312251.353 GC heap before
{Heap before GC invocations=176 (full 5):
 PSYoungGen      total 16384K, used 16000K [0x00000000d6b00000, 0x00000000d8d00000, 0x0000000100000000)
  eden space 15872K, 100% used [0x00000000d6b00000,0x00000000d7a80000,0x00000000d7a80000)
  from space 512K, 25% used [0x00000000d8c80000,0x00000000d8ca0000,0x00000000d8d00000)
  to   space 1024K, 0% used [0x00000000d8b00000,0x00000000d8b00000,0x00000000d8c00000)
 ParOldGen       total 111104K, used 94860K [0x0000000084000000, 0x000000008ac80000, 0x00000000d6b00000)
  object space 111104K, 85% used [0x0000000084000000,0x0000000089ca3220,0x000000008ac80000)
 Metaspace       used 28290K, capacity 28612K, committed 28800K, reserved 1075200K
  class space    used 3539K, capacity 3625K, committed 3712K, reserved 1048576K
Event: 312251.375 GC heap after
Heap after GC invocations=176 (full 5):
 PSYoungGen      total 16384K, used 192K [0x00000000d6b00000, 0x00000000d8d00000, 0x0000000100000000)
  eden space 15360K, 0% used [0x00000000d6b00000,0x00000000d6b00000,0x00000000d7a00000)
  from space 1024K, 18% used [0x00000000d8b00000,0x00000000d8b30000,0x00000000d8c00000)
  to   space 512K, 0% used [0x00000000d8c80000,0x00000000d8c80000,0x00000000d8d00000)
 ParOldGen       total 111104K, used 94860K [0x0000000084000000, 0x000000008ac80000, 0x00000000d6b00000)
  object space 111104K, 85% used [0x0000000084000000,0x0000000089ca3220,0x000000008ac80000)
 Metaspace       used 28290K, capacity 28612K, committed 28800K, reserved 1075200K
  class space    used 3539K, capacity 3625K, committed 3712K, reserved 1048576K
}
Event: 318251.510 GC heap before
{Heap before GC invocations=177 (full 5):
 PSYoungGen      total 16384K, used 15552K [0x00000000d6b00000, 0x00000000d8d00000, 0x0000000100000000)
  eden space 15360K, 100% used [0x00000000d6b00000,0x00000000d7a00000,0x00000000d7a00000)
  from space 1024K, 18% used [0x00000000d8b00000,0x00000000d8b30000,0x00000000d8c00000)
  to   space 512K, 0% used [0x00000000d8c80000,0x00000000d8c80000,0x00000000d8d00000)
 ParOldGen       total 111104K, used 94860K [0x0000000084000000, 0x000000008ac80000, 0x00000000d6b00000)
  object space 111104K, 85% used [0x0000000084000000,0x0000000089ca3220,0x000000008ac80000)
 Metaspace       used 28290K, capacity 28612K, committed 28800K, reserved 1075200K
  class space    used 3539K, capacity 3625K, committed 3712K, reserved 1048576K
Event: 318251.542 GC heap after
Heap after GC invocations=177 (full 5):
 PSYoungGen      total 15360K, used 160K [0x00000000d6b00000, 0x00000000d8d00000, 0x0000000100000000)
  eden space 14848K, 0% used [0x00000000d6b00000,0x00000000d6b00000,0x00000000d7980000)
  from space 512K, 31% used [0x00000000d8c80000,0x00000000d8ca8000,0x00000000d8d00000)
  to   space 512K, 0% used [0x00000000d8c00000,0x00000000d8c00000,0x00000000d8c80000)
 ParOldGen       total 111104K, used 94860K [0x0000000084000000, 0x000000008ac80000, 0x00000000d6b00000)
  object space 111104K, 85% used [0x0000000084000000,0x0000000089ca3220,0x000000008ac80000)
 Metaspace       used 28290K, capacity 28612K, committed 28800K, reserved 1075200K
  class space    used 3539K, capacity 3625K, committed 3712K, reserved 1048576K
}
Event: 324251.689 GC heap before
{Heap before GC invocations=178 (full 5):
 PSYoungGen      total 15360K, used 15008K [0x00000000d6b00000, 0x00000000d8d00000, 0x0000000100000000)
  eden space 14848K, 100% used [0x00000000d6b00000,0x00000000d7980000,0x00000000d7980000)
  from space 512K, 31% used [0x00000000d8c80000,0x00000000d8ca8000,0x00000000d8d00000)
  to   space 512K, 0% used [0x00000000d8c00000,0x00000000d8c00000,0x00000000d8c80000)
 ParOldGen       total 111104K, used 94860K [0x0000000084000000, 0x000000008ac80000, 0x00000000d6b00000)
  object space 111104K, 85% used [0x0000000084000000,0x0000000089ca3220,0x000000008ac80000)
 Metaspace       used 28290K, capacity 28612K, committed 28800K, reserved 1075200K
  class space    used 3539K, capacity 3625K, committed 3712K, reserved 1048576K
Event: 324251.714 GC heap after
Heap after GC invocations=178 (full 5):
 PSYoungGen      total 14848K, used 192K [0x00000000d6b00000, 0x00000000d8d00000, 0x0000000100000000)
  eden space 14336K, 0% used [0x00000000d6b00000,0x00000000d6b00000,0x00000000d7900000)
  from space 512K, 37% used [0x00000000d8c00000,0x00000000d8c30000,0x00000000d8c80000)
  to   space 512K, 0% used [0x00000000d8c80000,0x00000000d8c80000,0x00000000d8d00000)
 ParOldGen       total 111104K, used 94860K [0x0000000084000000, 0x000000008ac80000, 0x00000000d6b00000)
  object space 111104K, 85% used [0x0000000084000000,0x0000000089ca3220,0x000000008ac80000)
 Metaspace       used 28290K, capacity 28612K, committed 28800K, reserved 1075200K
  class space    used 3539K, capacity 3625K, committed 3712K, reserved 1048576K
}
Event: 330251.847 GC heap before
{Heap before GC invocations=179 (full 5):
 PSYoungGen      total 14848K, used 14528K [0x00000000d6b00000, 0x00000000d8d00000, 0x0000000100000000)
  eden space 14336K, 100% used [0x00000000d6b00000,0x00000000d7900000,0x00000000d7900000)
  from space 512K, 37% used [0x00000000d8c00000,0x00000000d8c30000,0x00000000d8c80000)
  to   space 512K, 0% used [0x00000000d8c80000,0x00000000d8c80000,0x00000000d8d00000)
 ParOldGen       total 111104K, used 94860K [0x0000000084000000, 0x000000008ac80000, 0x00000000d6b00000)
  object space 111104K, 85% used [0x0000000084000000,0x0000000089ca3220,0x000000008ac80000)
 Metaspace       used 28290K, capacity 28612K, committed 28800K, reserved 1075200K
  class space    used 3539K, capacity 3625K, committed 3712K, reserved 1048576K
Event: 330251.880 GC heap after
Heap after GC invocations=179 (full 5):
 PSYoungGen      total 14336K, used 96K [0x00000000d6b00000, 0x00000000d8d00000, 0x0000000100000000)
  eden space 13824K, 0% used [0x00000000d6b00000,0x00000000d6b00000,0x00000000d7880000)
  from space 512K, 18% used [0x00000000d8c80000,0x00000000d8c98000,0x00000000d8d00000)
  to   space 512K, 0% used [0x00000000d8c00000,0x00000000d8c00000,0x00000000d8c80000)
 ParOldGen       total 111104K, used 94980K [0x0000000084000000, 0x000000008ac80000, 0x00000000d6b00000)
  object space 111104K, 85% used [0x0000000084000000,0x0000000089cc1220,0x000000008ac80000)
 Metaspace       used 28290K, capacity 28612K, committed 28800K, reserved 1075200K
  class space    used 3539K, capacity 3625K, committed 3712K, reserved 1048576K
}

